2021-06-16 18:25:51.840 | DIS      | __main__:<module>:67 -  
 █████╗ ██╗   ██╗████████╗ ██████╗ ████████╗███████╗███████╗████████╗ 
██╔══██╗██║   ██║╚══██╔══╝██╔═══██╗╚══██╔══╝██╔════╝██╔════╝╚══██╔══╝ 
███████║██║   ██║   ██║   ██║   ██║   ██║   █████╗  ███████╗   ██║    
██╔══██║██║   ██║   ██║   ██║   ██║   ██║   ██╔══╝  ╚════██║   ██║    
██║  ██║╚██████╔╝   ██║   ╚██████╔╝   ██║   ███████╗███████║   ██║    
╚═╝  ╚═╝ ╚═════╝    ╚═╝    ╚═════╝    ╚═╝   ╚══════╝╚══════╝   ╚═╝    
┌┐ ┬ ┬ ╔═╗┬ ┬┌─┐┌─┐┬─┐ ╔╦╗┌─┐┌─┐┌┬┐ ╔╦╗┌─┐┌─┐┌┬┐ | Welcome to AutoTest
├┴┐└┬┘ ╚═╗│ │├─┘├┤ ├┬┘  ║ ├┤ └─┐ │   ║ ├┤ ├─┤│││ | Version: v1.0.0    
└─┘ ┴  ╚═╝└─┘┴  └─┘┴└─  ╩ └─┘└─┘ ┴   ╩ └─┘┴ ┴┴ ┴ | Have fun!          
                         https://

2021-06-16 18:25:51.840 | INFO     | __main__:<module>:68 - PROJECT:  PFX
2021-06-16 18:25:51.840 | DIS      | __main__:<module>:69 - 

****************************************Start Test****************************************

2021-06-16 18:25:51.840 | INFO     | __main__:<module>:73 - Automatically generate test scripts
2021-06-16 18:25:51.841 | TRACE    | __main__:generate:38 - 进行待测试的excel文件列表:
['/home/forever/my_file/WhiteBox_AutoTest/data/excel_data/PFX/forward_policy.xlsx', '/home/forever/my_file/WhiteBox_AutoTest/data/excel_data/PFX/PayApi.xlsx']
2021-06-16 18:25:51.856 | SUCCESS  | utils.generate_caces:generate_case:47 - The total number of newly generated test scripts is 2
2021-06-16 18:25:51.864 | SUCCESS  | utils.generate_caces:generate_case:47 - The total number of newly generated test scripts is 1
2021-06-16 18:25:51.864 | INFO     | __main__:<module>:78 - Unit testing with pytest
